# JRE version: Java(TM) SE Runtime Environment (8.0_112-b15) (build 1.8.0_112-b15)
# Java VM: Java HotSpot(TM) 64-Bit Server VM (25.112-b15 mixed mode windows-amd64 compressed oops)
Heap:
 PSYoungGen      total 139264K, used 88050K [0x000000076cf00000, 0x000000077cd00000, 0x00000007c0000000)
  eden space 129024K, 60% used [0x000000076cf00000,0x0000000771b03d00,0x0000000774d00000)
  from space 10240K, 99% used [0x0000000775700000,0x00000007760f8de0,0x0000000776100000)
  to   space 10240K, 0% used [0x0000000774d00000,0x0000000774d00000,0x0000000775700000)
 ParOldGen       total 89088K, used 12440K [0x00000006c6c00000, 0x00000006cc300000, 0x000000076cf00000)
  object space 89088K, 13% used [0x00000006c6c00000,0x00000006c7826140,0x00000006cc300000)
 Metaspace       used 32263K, capacity 32688K, committed 33024K, reserved 1077248K
  class space    used 4242K, capacity 4347K, committed 4352K, reserved 1048576K
GC Heap History (10 events):
Event: 2.005 GC heap before
{Heap before GC invocations=1 (full 0):
 PSYoungGen      total 74752K, used 64512K [0x000000076cf00000, 0x0000000772200000, 0x00000007c0000000)
  eden space 64512K, 100% used [0x000000076cf00000,0x0000000770e00000,0x0000000770e00000)
  from space 10240K, 0% used [0x0000000771800000,0x0000000771800000,0x0000000772200000)
  to   space 10240K, 0% used [0x0000000770e00000,0x0000000770e00000,0x0000000771800000)
 ParOldGen       total 171008K, used 0K [0x00000006c6c00000, 0x00000006d1300000, 0x000000076cf00000)
  object space 171008K, 0% used [0x00000006c6c00000,0x00000006c6c00000,0x00000006d1300000)
 Metaspace       used 15027K, capacity 15146K, committed 15232K, reserved 1062912K
  class space    used 1895K, capacity 1919K, committed 1920K, reserved 1048576K
Event: 2.112 GC heap after
Heap after GC invocations=1 (full 0):
 PSYoungGen      total 74752K, used 10217K [0x000000076cf00000, 0x0000000776100000, 0x00000007c0000000)
  eden space 64512K, 0% used [0x000000076cf00000,0x000000076cf00000,0x0000000770e00000)
  from space 10240K, 99% used [0x0000000770e00000,0x00000007717fa678,0x0000000771800000)
  to   space 10240K, 0% used [0x0000000775700000,0x0000000775700000,0x0000000776100000)
 ParOldGen       total 171008K, used 3473K [0x00000006c6c00000, 0x00000006d1300000, 0x000000076cf00000)
  object space 171008K, 2% used [0x00000006c6c00000,0x00000006c6f64430,0x00000006d1300000)
 Metaspace       used 15027K, capacity 15146K, committed 15232K, reserved 1062912K
  class space    used 1895K, capacity 1919K, committed 1920K, reserved 1048576K
}
Event: 12.363 GC heap before
{Heap before GC invocations=2 (full 0):
 PSYoungGen      total 74752K, used 74729K [0x000000076cf00000, 0x0000000776100000, 0x00000007c0000000)
  eden space 64512K, 100% used [0x000000076cf00000,0x0000000770e00000,0x0000000770e00000)
  from space 10240K, 99% used [0x0000000770e00000,0x00000007717fa678,0x0000000771800000)
  to   space 10240K, 0% used [0x0000000775700000,0x0000000775700000,0x0000000776100000)
 ParOldGen       total 171008K, used 3473K [0x00000006c6c00000, 0x00000006d1300000, 0x000000076cf00000)
  object space 171008K, 2% used [0x00000006c6c00000,0x00000006c6f64430,0x00000006d1300000)
 Metaspace       used 19620K, capacity 19878K, committed 20224K, reserved 1067008K
  class space    used 2443K, capacity 2500K, committed 2560K, reserved 1048576K
Event: 12.380 GC heap after
Heap after GC invocations=2 (full 0):
 PSYoungGen      total 139264K, used 10209K [0x000000076cf00000, 0x0000000776100000, 0x00000007c0000000)
  eden space 129024K, 0% used [0x000000076cf00000,0x000000076cf00000,0x0000000774d00000)
  from space 10240K, 99% used [0x0000000775700000,0x00000007760f8640,0x0000000776100000)
  to   space 10240K, 0% used [0x0000000774d00000,0x0000000774d00000,0x0000000775700000)
 ParOldGen       total 171008K, used 5224K [0x00000006c6c00000, 0x00000006d1300000, 0x000000076cf00000)
  object space 171008K, 3% used [0x00000006c6c00000,0x00000006c711a1d0,0x00000006d1300000)
 Metaspace       used 19620K, capacity 19878K, committed 20224K, reserved 1067008K
  class space    used 2443K, capacity 2500K, committed 2560K, reserved 1048576K
}
Event: 12.770 GC heap before
{Heap before GC invocations=3 (full 0):
 PSYoungGen      total 139264K, used 37443K [0x000000076cf00000, 0x0000000776100000, 0x00000007c0000000)
  eden space 129024K, 21% used [0x000000076cf00000,0x000000076e998980,0x0000000774d00000)
  from space 10240K, 99% used [0x0000000775700000,0x00000007760f8640,0x0000000776100000)
  to   space 10240K, 0% used [0x0000000774d00000,0x0000000774d00000,0x0000000775700000)
 ParOldGen       total 171008K, used 5224K [0x00000006c6c00000, 0x00000006d1300000, 0x000000076cf00000)
  object space 171008K, 3% used [0x00000006c6c00000,0x00000006c711a1d0,0x00000006d1300000)
 Metaspace       used 20870K, capacity 21092K, committed 21248K, reserved 1067008K
  class space    used 2623K, capacity 2729K, committed 2816K, reserved 1048576K
Event: 12.784 GC heap after
Heap after GC invocations=3 (full 0):
 PSYoungGen      total 139264K, used 10225K [0x000000076cf00000, 0x0000000776100000, 0x00000007c0000000)
  eden space 129024K, 0% used [0x000000076cf00000,0x000000076cf00000,0x0000000774d00000)
  from space 10240K, 99% used [0x0000000774d00000,0x00000007756fc630,0x0000000775700000)
  to   space 10240K, 0% used [0x0000000775700000,0x0000000775700000,0x0000000776100000)
 ParOldGen       total 171008K, used 6395K [0x00000006c6c00000, 0x00000006d1300000, 0x000000076cf00000)
  object space 171008K, 3% used [0x00000006c6c00000,0x00000006c723efa0,0x00000006d1300000)
 Metaspace       used 20870K, capacity 21092K, committed 21248K, reserved 1067008K
  class space    used 2623K, capacity 2729K, committed 2816K, reserved 1048576K
}
Event: 12.784 GC heap before
{Heap before GC invocations=4 (full 1):
 PSYoungGen      total 139264K, used 10225K [0x000000076cf00000, 0x0000000776100000, 0x00000007c0000000)
  eden space 129024K, 0% used [0x000000076cf00000,0x000000076cf00000,0x0000000774d00000)
  from space 10240K, 99% used [0x0000000774d00000,0x00000007756fc630,0x0000000775700000)
  to   space 10240K, 0% used [0x0000000775700000,0x0000000775700000,0x0000000776100000)
 ParOldGen       total 171008K, used 6395K [0x00000006c6c00000, 0x00000006d1300000, 0x000000076cf00000)
  object space 171008K, 3% used [0x00000006c6c00000,0x00000006c723efa0,0x00000006d1300000)
 Metaspace       used 20870K, capacity 21092K, committed 21248K, reserved 1067008K
  class space    used 2623K, capacity 2729K, committed 2816K, reserved 1048576K
Event: 12.844 GC heap after
Heap after GC invocations=4 (full 1):
 PSYoungGen      total 139264K, used 0K [0x000000076cf00000, 0x0000000776100000, 0x00000007c0000000)
  eden space 129024K, 0% used [0x000000076cf00000,0x000000076cf00000,0x0000000774d00000)
  from space 10240K, 0% used [0x0000000774d00000,0x0000000774d00000,0x0000000775700000)
  to   space 10240K, 0% used [0x0000000775700000,0x0000000775700000,0x0000000776100000)
 ParOldGen       total 89088K, used 11282K [0x00000006c6c00000, 0x00000006cc300000, 0x000000076cf00000)
  object space 89088K, 12% used [0x00000006c6c00000,0x00000006c7704980,0x00000006cc300000)
 Metaspace       used 20870K, capacity 21092K, committed 21248K, reserved 1067008K
  class space    used 2623K, capacity 2729K, committed 2816K, reserved 1048576K
}
Event: 16.812 GC heap before
{Heap before GC invocations=5 (full 1):
 PSYoungGen      total 139264K, used 129024K [0x000000076cf00000, 0x0000000776100000, 0x00000007c0000000)
  eden space 129024K, 100% used [0x000000076cf00000,0x0000000774d00000,0x0000000774d00000)
  from space 10240K, 0% used [0x0000000774d00000,0x0000000774d00000,0x0000000775700000)
  to   space 10240K, 0% used [0x0000000775700000,0x0000000775700000,0x0000000776100000)
 ParOldGen       total 89088K, used 11282K [0x00000006c6c00000, 0x00000006cc300000, 0x000000076cf00000)
  object space 89088K, 12% used [0x00000006c6c00000,0x00000006c7704980,0x00000006cc300000)
 Metaspace       used 28648K, capacity 28934K, committed 29440K, reserved 1075200K
  class space    used 3622K, capacity 3716K, committed 3840K, reserved 1048576K
Event: 16.911 GC heap after
Heap after GC invocations=5 (full 1):
 PSYoungGen      total 139264K, used 10211K [0x000000076cf00000, 0x000000077cd00000, 0x00000007c0000000)
  eden space 129024K, 0% used [0x000000076cf00000,0x000000076cf00000,0x0000000774d00000)
  from space 10240K, 99% used [0x0000000775700000,0x00000007760f8de0,0x0000000776100000)
  to   space 10240K, 0% used [0x0000000774d00000,0x0000000774d00000,0x0000000775700000)
 ParOldGen       total 89088K, used 12440K [0x00000006c6c00000, 0x00000006cc300000, 0x000000076cf00000)
  object space 89088K, 13% used [0x00000006c6c00000,0x00000006c7826140,0x00000006cc300000)
 Metaspace       used 28648K, capacity 28934K, committed 29440K, reserved 1075200K
  class space    used 3622K, capacity 3716K, committed 3840K, reserved 1048576K
}

